20150204-15:59:02.821 : Created session
20150204-15:59:02.825 : Connecting to 208.184.251.214 on port 11191
20150204-15:59:02.928 : Connection succeeded
20150204-15:59:02.941 : Session reset: ResetOnLogon
20150204-15:59:02.956 : Session reset: ResetSeqNumFlag
20150204-15:59:02.957 : Initiated logon request
20150204-15:59:03.694 : Received logon
20150204-16:18:14.878 : Created session
20150204-16:18:14.882 : Connecting to 208.184.251.214 on port 11191
20150204-16:18:14.988 : Connection succeeded
20150204-16:18:15.012 : Session reset: ResetOnLogon
20150204-16:18:15.029 : Session reset: ResetSeqNumFlag
20150204-16:18:15.031 : Initiated logon request
20150204-16:18:15.242 : Received logon
20150204-17:18:36.093 : Created session
20150204-17:18:36.097 : Connecting to 208.184.251.214 on port 11191
20150204-17:18:36.206 : Connection succeeded
20150204-17:18:36.254 : Session reset: ResetOnLogon
20150204-17:18:36.279 : Session reset: ResetSeqNumFlag
20150204-17:18:36.280 : Initiated logon request
20150204-17:18:36.462 : Received logon
20150204-17:28:12.903 : Created session
20150204-17:28:12.907 : Connecting to 208.184.251.214 on port 11191
20150204-17:28:13.016 : Connection succeeded
20150204-17:28:13.050 : Session reset: ResetOnLogon
20150204-17:28:13.091 : Session reset: ResetSeqNumFlag
20150204-17:28:13.092 : Initiated logon request
20150204-17:28:13.265 : Received logon
20150204-17:34:24.838 : Created session
20150204-17:34:24.841 : Connecting to 208.184.251.214 on port 11191
20150204-17:34:24.954 : Connection succeeded
20150204-17:34:24.963 : Session reset: ResetOnLogon
20150204-17:34:24.995 : Session reset: ResetSeqNumFlag
20150204-17:34:24.997 : Initiated logon request
20150204-17:34:26.320 : Received logon
